2020-05-10 15:47:37,787 INFO (/home/tiny/tiny/Server/Server.php:97)[\API\Test] --- start
2020-05-10 15:47:38,113 WARN (/home/tiny/tiny/Foundation/Server/API/API.php:30)[\API\Test] --- token not set or error
2020-05-10 15:47:38,114 INFO (/home/tiny/tiny/Server/Server.php:126)[\API\Test] --- end
2020-05-10 15:48:13,397 INFO (/home/tiny/tiny/Server/Server.php:96)[\API\Test] --- start
2020-05-10 15:48:13,399 WARN (/home/tiny/tiny/Foundation/Server/API/API.php:30)[\API\Test] --- token not set or error
2020-05-10 15:48:13,399 INFO (/home/tiny/tiny/Server/Server.php:125)[\API\Test] --- end
2020-05-10 15:51:17,820 INFO (/home/tiny/tiny/Server/Server.php:96)[\API\Test] --- start
2020-05-10 15:51:17,821 WARN (/home/tiny/tiny/Foundation/Server/API/API.php:30)[\API\Test] --- token not set or error
2020-05-10 15:51:17,822 INFO (/home/tiny/tiny/Server/Server.php:125)[\API\Test] --- end
2020-05-10 15:52:35,53 INFO (/home/tiny/tiny/Server/Server.php:96)[\API\Test] --- start
2020-05-10 15:52:35,53 WARN (/home/tiny/tiny/Foundation/Server/API/API.php:30)[\API\Test] --- token not set or error
2020-05-10 15:52:35,53 INFO (/home/tiny/tiny/Server/Server.php:125)[\API\Test] --- end
2020-05-10 15:52:44,649 INFO (/home/tiny/tiny/Server/Server.php:96)[\API\Test] --- start
2020-05-10 15:52:44,651 INFO (/home/tiny/tiny/Server/Server.php:125)[\API\Test] --- end
2020-05-10 16:04:33,323 INFO (/home/tiny/tiny/Server/Server.php:96)[\API\Test] --- start
2020-05-10 16:04:33,326 INFO (/home/tiny/tiny/Server/Server.php:125)[\API\Test] --- end
2020-05-10 16:04:53,225 INFO (/home/tiny/tiny/Server/Server.php:96)[\API\Test] --- start
2020-05-10 16:04:53,226 INFO (/home/tiny/tiny/Server/Server.php:125)[\API\Test] --- end
2020-05-10 16:04:59,139 INFO (/home/tiny/tiny/Server/Server.php:96)[\API\Test] --- start
2020-05-10 16:04:59,141 WARN (/home/tiny/tiny/Foundation/Server/API/API.php:30)[\API\Test] --- token not set or error
2020-05-10 16:04:59,142 INFO (/home/tiny/tiny/Server/Server.php:125)[\API\Test] --- end
2020-05-10 16:06:26,504 INFO (/home/tiny/tiny/Server/Server.php:99)[\API\Test] --- start
2020-05-10 16:06:26,506 WARN (/home/tiny/tiny/Foundation/Server/API/API.php:30)[\API\Test] --- token not set or error
2020-05-10 16:06:26,507 INFO (/home/tiny/tiny/Server/Server.php:128)[\API\Test] --- end
2020-05-10 16:06:30,96 INFO (/home/tiny/tiny/Server/Server.php:99)[\API\Test] --- start
2020-05-10 16:06:30,96 WARN (/home/tiny/tiny/Foundation/Server/API/API.php:30)[\API\Test] --- token not set or error
2020-05-10 16:06:30,96 INFO (/home/tiny/tiny/Server/Server.php:128)[\API\Test] --- end
2020-05-10 16:06:37,631 INFO (/home/tiny/tiny/Server/Server.php:99)[\API\Test] --- start
2020-05-10 16:06:37,633 WARN (/home/tiny/tiny/Foundation/Server/API/API.php:30)[\API\Test] --- token not set or error
2020-05-10 16:06:37,633 INFO (/home/tiny/tiny/Server/Server.php:128)[\API\Test] --- end
2020-05-10 16:07:10,449 INFO (/home/tiny/tiny/Server/Server.php:99)[\API\Test] --- start
2020-05-10 16:07:10,449 FATAL (/home/tiny/tiny/Server/Server.php:125)[\API\Test] --- 500 PHP Run ErrorTiny\Exception\ValidateException: a is Required，But is null in /home/tiny/tiny/Validate/Validate.php:44
Stack trace:
#0 /home/tiny/tiny/Validate/Validate.php(106): Tiny\Validate::check(Object(stdClass), Object(API\Item))
#1 /home/tiny/tiny/Validate/Validate.php(61): Tiny\Validate::checkTypeIsRight(Object(stdClass), Object(Tiny\Annotation\Type\UserDefinedType))
#2 /home/tiny/tiny/Foundation/Server/API/API.php(53): Tiny\Validate::check(Object(stdClass), Object(API\TestRequest))
#3 /home/tiny/tiny/API/API.php(12): Tiny\Foundation\Server\API->parseRequestParameter(Object(Tiny\API\Request), Object(Tiny\API\Response))
#4 /home/tiny/tiny/Server/Server.php(120): Tiny\API->process(Object(Tiny\API\Request), Object(Tiny\API\Response))
#5 {main}
2020-05-10 16:07:10,449 INFO (/home/tiny/tiny/Server/Server.php:128)[\API\Test] --- end
2020-05-10 16:09:19,313 INFO (/home/tiny/tiny/Server/Server.php:99)[\API\Test] --- start
2020-05-10 16:09:19,315 FATAL (/home/tiny/tiny/Server/Server.php:125)[\API\Test] --- 500 PHP Run ErrorTiny\Exception\ValidateException: a is Required，But is null in /home/tiny/tiny/Validate/Validate.php:44
Stack trace:
#0 /home/tiny/tiny/Validate/Validate.php(106): Tiny\Validate::check(Object(stdClass), Object(API\Item))
#1 /home/tiny/tiny/Validate/Validate.php(61): Tiny\Validate::checkTypeIsRight(Object(stdClass), Object(Tiny\Annotation\Type\UserDefinedType))
#2 /home/tiny/tiny/Foundation/Server/API/API.php(53): Tiny\Validate::check(Object(stdClass), Object(API\TestRequest))
#3 /home/tiny/tiny/API/API.php(12): Tiny\Foundation\Server\API->parseRequestParameter(Object(Tiny\API\Request), Object(Tiny\API\Response))
#4 /home/tiny/tiny/Server/Server.php(120): Tiny\API->process(Object(Tiny\API\Request), Object(Tiny\API\Response))
#5 {main}
2020-05-10 16:09:19,315 INFO (/home/tiny/tiny/Server/Server.php:128)[\API\Test] --- end
2020-05-10 16:10:45,824 INFO (/home/tiny/tiny/Server/Server.php:90)[\API\Test] --- start
2020-05-10 16:10:45,826 FATAL (/home/tiny/tiny/Server/Server.php:117)[\API\Test] --- a is Required，But is nullTiny\Exception\ValidateException: a is Required，But is null in /home/tiny/tiny/Validate/Validate.php:44
Stack trace:
#0 /home/tiny/tiny/Validate/Validate.php(106): Tiny\Validate::check(Object(stdClass), Object(API\Item))
#1 /home/tiny/tiny/Validate/Validate.php(61): Tiny\Validate::checkTypeIsRight(Object(stdClass), Object(Tiny\Annotation\Type\UserDefinedType))
#2 /home/tiny/tiny/Foundation/Server/API/API.php(53): Tiny\Validate::check(Object(stdClass), Object(API\TestRequest))
#3 /home/tiny/tiny/API/API.php(12): Tiny\Foundation\Server\API->parseRequestParameter(Object(Tiny\API\Request), Object(Tiny\API\Response))
#4 /home/tiny/tiny/Server/Server.php(111): Tiny\API->process(Object(Tiny\API\Request), Object(Tiny\API\Response))
#5 {main}
2020-05-10 16:10:45,826 INFO (/home/tiny/tiny/Server/Server.php:120)[\API\Test] --- end
2020-05-10 16:11:19,665 INFO (/home/tiny/tiny/Server/Server.php:90)[\API\Test] --- start
2020-05-10 16:11:19,667 FATAL (/home/tiny/tiny/Server/Server.php:117)[\API\Test] --- a is Required，But is nullTiny\Exception\ValidateException: a is Required，But is null in /home/tiny/tiny/Validate/Validate.php:44
Stack trace:
#0 /home/tiny/tiny/Validate/Validate.php(106): Tiny\Validate::check(Object(stdClass), Object(API\Item))
#1 /home/tiny/tiny/Validate/Validate.php(61): Tiny\Validate::checkTypeIsRight(Object(stdClass), Object(Tiny\Annotation\Type\UserDefinedType))
#2 /home/tiny/tiny/Foundation/Server/API/API.php(53): Tiny\Validate::check(Object(stdClass), Object(API\TestRequest))
#3 /home/tiny/tiny/API/API.php(12): Tiny\Foundation\Server\API->parseRequestParameter(Object(Tiny\API\Request), Object(Tiny\API\Response))
#4 /home/tiny/tiny/Server/Server.php(111): Tiny\API->process(Object(Tiny\API\Request), Object(Tiny\API\Response))
#5 {main}
2020-05-10 16:11:19,667 INFO (/home/tiny/tiny/Server/Server.php:120)[\API\Test] --- end
2020-05-10 16:11:22,849 INFO (/home/tiny/tiny/Server/Server.php:90)[\API\Test] --- start
2020-05-10 16:11:22,849 FATAL (/home/tiny/tiny/Server/Server.php:117)[\API\Test] --- a is Required，But is nullTiny\Exception\ValidateException: a is Required，But is null in /home/tiny/tiny/Validate/Validate.php:44
Stack trace:
#0 /home/tiny/tiny/Validate/Validate.php(106): Tiny\Validate::check(Object(stdClass), Object(API\Item))
#1 /home/tiny/tiny/Validate/Validate.php(61): Tiny\Validate::checkTypeIsRight(Object(stdClass), Object(Tiny\Annotation\Type\UserDefinedType))
#2 /home/tiny/tiny/Foundation/Server/API/API.php(53): Tiny\Validate::check(Object(stdClass), Object(API\TestRequest))
#3 /home/tiny/tiny/API/API.php(12): Tiny\Foundation\Server\API->parseRequestParameter(Object(Tiny\API\Request), Object(Tiny\API\Response))
#4 /home/tiny/tiny/Server/Server.php(111): Tiny\API->process(Object(Tiny\API\Request), Object(Tiny\API\Response))
#5 {main}
2020-05-10 16:11:22,849 INFO (/home/tiny/tiny/Server/Server.php:120)[\API\Test] --- end
2020-05-10 16:11:33,446 INFO (/home/tiny/tiny/Server/Server.php:90)[\API\Test] --- start
2020-05-10 16:11:33,449 FATAL (/home/tiny/tiny/Server/Server.php:117)[\API\Test] --- a is Required，But is nullTiny\Exception\ValidateException: a is Required，But is null in /home/tiny/tiny/Validate/Validate.php:44
Stack trace:
#0 /home/tiny/tiny/Validate/Validate.php(106): Tiny\Validate::check(Object(stdClass), Object(API\Item))
#1 /home/tiny/tiny/Validate/Validate.php(61): Tiny\Validate::checkTypeIsRight(Object(stdClass), Object(Tiny\Annotation\Type\UserDefinedType))
#2 /home/tiny/tiny/Foundation/Server/API/API.php(53): Tiny\Validate::check(Object(stdClass), Object(API\TestRequest))
#3 /home/tiny/tiny/API/API.php(12): Tiny\Foundation\Server\API->parseRequestParameter(Object(Tiny\API\Request), Object(Tiny\API\Response))
#4 /home/tiny/tiny/Server/Server.php(111): Tiny\API->process(Object(Tiny\API\Request), Object(Tiny\API\Response))
#5 {main}
2020-05-10 16:11:33,449 INFO (/home/tiny/tiny/Server/Server.php:120)[\API\Test] --- end
2020-05-10 16:12:35,825 INFO (/home/tiny/tiny/Server/Server.php:90)[\API\Test] --- start
2020-05-10 16:12:48,805 INFO (/home/tiny/tiny/Server/Server.php:90)[\API\Test] --- start
2020-05-10 16:12:49,921 INFO (/home/tiny/tiny/Server/Server.php:90)[\API\Test] --- start
2020-05-10 16:13:01,399 INFO (/home/tiny/tiny/Server/Server.php:90)[\API\Test] --- start
2020-05-10 16:13:26,491 INFO (/home/tiny/tiny/Server/Server.php:90)[\API\Test] --- start
2020-05-10 16:13:58,747 INFO (/home/tiny/tiny/Server/Server.php:90)[\API\Test] --- start
2020-05-10 16:13:58,749 FATAL (/home/tiny/tiny/Server/Server.php:116)[\API\Test] --- a is Required，But is nullTiny\Exception\ValidateException: a is Required，But is null in /home/tiny/tiny/Validate/Validate.php:44
Stack trace:
#0 /home/tiny/tiny/Validate/Validate.php(106): Tiny\Validate::check(Object(stdClass), Object(API\Item))
#1 /home/tiny/tiny/Validate/Validate.php(61): Tiny\Validate::checkTypeIsRight(Object(stdClass), Object(Tiny\Annotation\Type\UserDefinedType))
#2 /home/tiny/tiny/Foundation/Server/API/API.php(53): Tiny\Validate::check(Object(stdClass), Object(API\TestRequest))
#3 /home/tiny/tiny/API/API.php(12): Tiny\Foundation\Server\API->parseRequestParameter(Object(Tiny\API\Request), Object(Tiny\API\Response))
#4 /home/tiny/tiny/Server/Server.php(111): Tiny\API->process(Object(Tiny\API\Request), Object(Tiny\API\Response))
#5 {main}
2020-05-10 16:13:58,749 INFO (/home/tiny/tiny/Server/Server.php:119)[\API\Test] --- end
2020-05-10 16:15:52,914 INFO (/home/tiny/tiny/Server/Server.php:90)[\API\Test] --- start
2020-05-10 16:15:52,916 FATAL (/home/tiny/tiny/Server/Server.php:116)[\API\Test] --- a is Required，But is nullTiny\Exception\ValidateException: a is Required，But is null in /home/tiny/tiny/Validate/Validate.php:44
Stack trace:
#0 /home/tiny/tiny/Validate/Validate.php(106): Tiny\Validate::check(Object(stdClass), Object(API\Item))
#1 /home/tiny/tiny/Validate/Validate.php(61): Tiny\Validate::checkTypeIsRight(Object(stdClass), Object(Tiny\Annotation\Type\UserDefinedType))
#2 /home/tiny/tiny/Foundation/Server/API/API.php(53): Tiny\Validate::check(Object(stdClass), Object(API\TestRequest))
#3 /home/tiny/tiny/API/API.php(12): Tiny\Foundation\Server\API->parseRequestParameter(Object(Tiny\API\Request), Object(Tiny\API\Response))
#4 /home/tiny/tiny/Server/Server.php(111): Tiny\API->process(Object(Tiny\API\Request), Object(Tiny\API\Response))
#5 {main}
2020-05-10 16:15:52,916 INFO (/home/tiny/tiny/Server/Server.php:119)[\API\Test] --- end
2020-05-10 16:15:57,953 INFO (/home/tiny/tiny/Server/Server.php:90)[\API\Test] --- start
2020-05-10 16:15:57,953 WARN (/home/tiny/tiny/Foundation/Server/API/API.php:30)[\API\Test] --- token not set or error
2020-05-10 16:15:57,953 INFO (/home/tiny/tiny/Server/Server.php:119)[\API\Test] --- end
2020-05-10 16:16:06,952 INFO (/home/tiny/tiny/Server/Server.php:90)[\API\Test] --- start
2020-05-10 16:16:06,954 WARN (/home/tiny/tiny/Foundation/Server/API/API.php:30)[\API\Test] --- token not set or error
2020-05-10 16:16:06,955 INFO (/home/tiny/tiny/Server/Server.php:119)[\API\Test] --- end
2020-05-10 16:16:38,482 INFO (/home/tiny/tiny/Server/Server.php:90)[\API\Test] --- start
2020-05-10 16:16:38,484 WARN (/home/tiny/tiny/Foundation/Server/API/API.php:30)[\API\Test] --- token not set or error
2020-05-10 16:16:38,484 INFO (/home/tiny/tiny/Server/Server.php:119)[\API\Test] --- end
2020-05-10 16:16:46,682 INFO (/home/tiny/tiny/Server/Server.php:90)[\API\Test] --- start
2020-05-10 16:16:46,685 WARN (/home/tiny/tiny/Foundation/Server/API/API.php:30)[\API\Test] --- token not set or error
2020-05-10 16:16:46,685 INFO (/home/tiny/tiny/Server/Server.php:119)[\API\Test] --- end
2020-05-10 16:17:48,582 INFO (/home/tiny/tiny/Server/Server.php:90)[\API\Test] --- start
2020-05-10 16:17:48,584 WARN (/home/tiny/tiny/Foundation/Server/API/API.php:30)[\API\Test] --- token not set or error
2020-05-10 16:17:48,585 INFO (/home/tiny/tiny/Server/Server.php:119)[\API\Test] --- end
2020-05-10 16:17:58,129 INFO (/home/tiny/tiny/Server/Server.php:90)[\API\Test] --- start
2020-05-10 16:17:58,131 WARN (/home/tiny/tiny/Foundation/Server/API/API.php:30)[\API\Test] --- token not set or error
2020-05-10 16:17:58,132 INFO (/home/tiny/tiny/Server/Server.php:119)[\API\Test] --- end
2020-05-10 16:18:27,313 INFO (/home/tiny/tiny/Server/Server.php:90)[\API\Test] --- start
2020-05-10 16:18:27,315 INFO (/home/tiny/src/api/Test.php:22)[\API\Test] --- {"setting":{"worker_num":4,"task_worker_num":4,"open_http_protocol":true,"open_mqtt_protocol":false,"open_eof_check":false,"open_length_check":false,"open_websocket_protocol":true,"buffer_output_size":2097152,"max_connection":65535},"connections":{},"host":"0.0.0.0","port":9502,"type":1,"mode":2,"ports":[{"host":"0.0.0.0","port":9502,"type":1,"sock":3,"setting":{"worker_num":4,"task_worker_num":4},"connections":{}}],"master_pid":18525,"manager_pid":18526,"worker_id":3,"taskworker":false,"worker_pid":18542}
2020-05-10 16:18:27,315 INFO (/home/tiny/tiny/Server/Server.php:119)[\API\Test] --- end
2020-05-10 16:22:43,685 INFO (/home/tiny/tiny/Server/Server.php:90)[\API\Test] --- start
2020-05-10 16:22:43,688 INFO (/home/tiny/tiny/Server/Server.php:119)[\API\Test] --- end
2020-05-10 16:24:10,675 INFO (/home/tiny/tiny/Server/Server.php:90)[\API\Test] --- start
2020-05-10 16:24:10,677 INFO (/home/tiny/tiny/Server/Server.php:119)[\API\Test] --- end
2020-05-10 16:25:31,619 INFO (/home/tiny/tiny/Server/Server.php:90)[\API\Test] --- start
2020-05-10 16:25:31,621 INFO (/home/tiny/tiny/Server/Server.php:119)[\API\Test] --- end
2020-05-10 16:25:40,310 INFO (/home/tiny/tiny/Server/Server.php:90)[\API\Test] --- start
2020-05-10 16:25:40,313 INFO (/home/tiny/tiny/Server/Server.php:119)[\API\Test] --- end
2020-05-10 16:26:19,967 INFO (/home/tiny/tiny/Server/Server.php:90)[\API\Test] --- start
2020-05-10 16:26:19,967 INFO (/home/tiny/tiny/Server/Server.php:119)[\API\Test] --- end
2020-05-10 16:29:41,511 INFO (/home/tiny/tiny/Server/Server.php:90)[\API\Test] --- start
2020-05-10 16:29:41,513 INFO (/home/tiny/tiny/Server/Server.php:119)[\API\Test] --- end
2020-05-10 08:29:46,514 INFO (/home/tiny/src/task/TestTask.php:16)[] --- task 测试
2020-05-10 16:30:57,832 INFO (/home/tiny/tiny/Server/Server.php:90)[\API\Test] --- start
2020-05-10 16:30:57,835 INFO (/home/tiny/tiny/Server/Server.php:119)[\API\Test] --- end
2020-05-10 08:31:02,836 INFO (/home/tiny/src/task/TestTask.php:16)[] --- task 测试
2020-05-10 16:36:14,605 INFO (/home/tiny/tiny/Server/Server.php:90)[\] --- start
2020-05-10 16:36:14,605 FATAL (/home/tiny/tiny/Server/Server.php:94)[\] --- API NOT FOUND
2020-05-10 16:36:14,605 INFO (/home/tiny/tiny/Server/Server.php:119)[\] --- end
2020-05-10 16:56:32,966 INFO (/home/tiny/Server.php:90)[\API\Test] --- start
2020-05-10 16:56:32,969 INFO (/home/tiny/Server.php:119)[\API\Test] --- end
2020-05-10 08:56:37,970 INFO (/home/tiny/src/task/TestTask.php:16)[] --- task 测试
2020-05-10 17:23:57,205 INFO (/home/tiny/Server.php:90)[\API\Test] --- start
2020-05-10 17:23:57,207 INFO (/home/tiny/Server.php:119)[\API\Test] --- end
2020-05-10 09:24:02,208 INFO (/home/tiny/src/task/TestTask.php:16)[] --- task 测试2
2020-05-10 18:41:38,987 INFO (/home/tiny/Server.php:90)[\API\Test] --- start
2020-05-10 18:41:38,989 INFO (/home/tiny/Server.php:119)[\API\Test] --- end
2020-05-10 18:41:54,764 INFO (/home/tiny/Server.php:90)[\API\Test] --- start
2020-05-10 18:41:54,764 INFO (/home/tiny/Server.php:119)[\API\Test] --- end
2020-05-10 18:44:30,2 INFO (/home/tiny/Server.php:90)[\API\Test] --- start
2020-05-10 18:44:30,5 INFO (/home/tiny/Server.php:119)[\API\Test] --- end
2020-05-10 10:44:30,422 INFO (/home/tiny/src/task/TestTask.php:22)[] --- {"status":"1","regeocode":{"addressComponent":{"city":"成都市","province":"四川省","adcode":"510107","district":"武侯区","towncode":"510107064000","streetNumber":{"number":"46号","location":"104.061161,30.5383947","direction":"西","distance":"82.4711","street":"吉泰路"},"country":"中国","township":"桂溪街道","businessAreas":[[]],"building":{"name":[],"type":[]},"neighborhood":{"name":[],"type":[]},"citycode":"028"},"formatted_address":"四川省成都市武侯区桂溪街道天府五街菁蓉汇"},"info":"OK","infocode":"10000"}

2020-05-10 18:45:38,56 INFO (/home/tiny/Server.php:90)[\API\Test] --- start
2020-05-10 18:45:38,56 INFO (/home/tiny/Server.php:119)[\API\Test] --- end
2020-05-10 18:46:46,280 INFO (/home/tiny/Server.php:90)[\API\Test] --- start
2020-05-10 18:46:46,282 INFO (/home/tiny/Server.php:119)[\API\Test] --- end
2020-05-10 10:46:46,395 INFO (/home/tiny/src/task/TestTask.php:22)[] --- {"status":"1","regeocode":{"addressComponent":{"city":"成都市","province":"四川省","adcode":"510107","district":"武侯区","towncode":"510107064000","streetNumber":{"number":"46号","location":"104.061161,30.5383947","direction":"西","distance":"82.4711","street":"吉泰路"},"country":"中国","township":"桂溪街道","businessAreas":[[]],"building":{"name":[],"type":[]},"neighborhood":{"name":[],"type":[]},"citycode":"028"},"formatted_address":"四川省成都市武侯区桂溪街道天府五街菁蓉汇"},"info":"OK","infocode":"10000"}

2020-05-10 19:24:52,657 INFO (/home/tiny/Server.php:90)[\API\Test] --- start
2020-05-10 19:24:52,659 INFO (/home/tiny/Server.php:119)[\API\Test] --- end
2020-05-10 19:25:40,621 INFO (/home/tiny/Server.php:90)[\API\Test] --- start
2020-05-10 19:25:40,623 INFO (/home/tiny/Server.php:119)[\API\Test] --- end
2020-05-10 19:27:49,631 INFO (/home/tiny/Server.php:93)[\API\Test] --- start
2020-05-10 19:27:54,633 INFO (/home/tiny/src/api/Test.php:27)[\API\Test] --- co
2020-05-10 19:27:54,633 INFO (/home/tiny/src/api/Test.php:29)[\API\Test] --- end
2020-05-10 19:27:54,633 INFO (/home/tiny/Server.php:122)[\API\Test] --- end
2020-05-10 19:28:54,468 INFO (/home/tiny/Server.php:93)[\API\Test] --- start
2020-05-10 19:29:47,450 INFO (/home/tiny/Server.php:93)[\API\Test] --- start
2020-05-10 19:29:52,452 INFO (/home/tiny/src/api/Test.php:26)[\API\Test] --- co
2020-05-10 19:29:52,453 INFO (/home/tiny/src/api/Test.php:28)[\API\Test] --- end
2020-05-10 19:29:52,453 INFO (/home/tiny/Server.php:122)[\API\Test] --- end
2020-05-10 19:32:06,294 INFO (/home/tiny/Server.php:93)[\API\Test] --- start
2020-05-10 19:32:39,682 INFO (/home/tiny/Server.php:93)[\API\Test] --- start
2020-05-10 19:32:39,684 INFO (/home/tiny/src/api/Test.php:28)[\API\Test] --- end
2020-05-10 19:32:39,684 INFO (/home/tiny/Server.php:122)[\API\Test] --- end
2020-05-10 19:32:44,686 INFO (/home/tiny/src/api/Test.php:26)[\API\Test] --- co
2020-05-10 19:32:49,276 INFO (/home/tiny/Server.php:93)[\API\Test] --- start
2020-05-10 19:32:49,276 INFO (/home/tiny/src/api/Test.php:28)[\API\Test] --- end
2020-05-10 19:32:49,276 INFO (/home/tiny/Server.php:122)[\API\Test] --- end
2020-05-10 19:32:54,279 INFO (/home/tiny/src/api/Test.php:26)[\API\Test] --- co
2020-05-10 19:36:35,168 INFO (/home/tiny/Server.php:93)[\API\Test] --- start
2020-05-10 19:36:35,289 INFO (/home/tiny/src/api/Test.php:32)[\API\Test] --- {"status":"1","regeocode":{"addressComponent":{"city":"成都市","province":"四川省","adcode":"510107","district":"武侯区","towncode":"510107064000","streetNumber":{"number":"46号","location":"104.061161,30.5383947","direction":"西","distance":"82.4711","street":"吉泰路"},"country":"中国","township":"桂溪街道","businessAreas":[[]],"building":{"name":[],"type":[]},"neighborhood":{"name":[],"type":[]},"citycode":"028"},"formatted_address":"四川省成都市武侯区桂溪街道天府五街菁蓉汇"},"info":"OK","infocode":"10000"}

2020-05-10 19:36:35,289 INFO (/home/tiny/src/api/Test.php:34)[\API\Test] --- end
2020-05-10 19:36:35,289 INFO (/home/tiny/Server.php:122)[\API\Test] --- end
2020-05-10 19:46:39,633 INFO (/home/tiny/Server.php:92)[\API\Test] --- start
2020-05-10 19:46:39,636 INFO (/home/tiny/src/api/Test.php:28)[\API\Test] --- end
2020-05-10 19:46:39,636 INFO (/home/tiny/Server.php:121)[\API\Test] --- end
2020-05-10 19:46:44,640 INFO (/home/tiny/src/api/Test.php:26)[\API\Test] --- co
2020-05-10 19:47:13,996 INFO (/home/tiny/Server.php:92)[\API\Test] --- start
2020-05-10 19:47:13,999 INFO (/home/tiny/src/api/Test.php:28)[\API\Test] --- end
2020-05-10 19:47:14,1 INFO (/home/tiny/Server.php:121)[\API\Test] --- end
2020-05-10 19:47:19,4 INFO (/home/tiny/src/api/Test.php:26)[\API\Test] --- co
2020-05-10 19:48:13,909 INFO (/home/tiny/Server.php:92)[\API\Test] --- start
2020-05-10 19:48:13,912 INFO (/home/tiny/src/api/Test.php:28)[\API\Test] --- end
2020-05-10 19:48:13,912 INFO (/home/tiny/Server.php:121)[\API\Test] --- end
2020-05-10 19:48:18,917 INFO (/home/tiny/src/api/Test.php:26)[\API\Test] --- co
2020-05-10 19:48:55,798 INFO (/home/tiny/Server.php:92)[\API\Test] --- start
2020-05-10 19:48:55,801 INFO (/home/tiny/src/api/Test.php:28)[\API\Test] --- end
2020-05-10 19:48:55,801 INFO (/home/tiny/Server.php:121)[\API\Test] --- end
2020-05-10 19:49:00,806 INFO (/home/tiny/src/api/Test.php:26)[\API\Test] --- co
2020-05-10 19:49:27,725 INFO (/home/tiny/Server.php:92)[\API\Test] --- start
2020-05-10 19:49:27,728 INFO (/home/tiny/src/api/Test.php:28)[\API\Test] --- end
2020-05-10 19:49:27,728 INFO (/home/tiny/Server.php:120)[\API\Test] --- end
2020-05-10 19:49:32,733 INFO (/home/tiny/src/api/Test.php:26)[\API\Test] --- co
2020-05-10 19:52:00,434 INFO (/home/tiny/Server.php:92)[\API\Test] --- start
2020-05-10 19:52:00,437 INFO (/home/tiny/src/api/Test.php:28)[\API\Test] --- end
2020-05-10 19:52:00,439 INFO (/home/tiny/Server.php:120)[\API\Test] --- end
2020-05-10 11:52:00,546 INFO (/home/tiny/src/task/TestTask.php:22)[] --- {"status":"1","regeocode":{"addressComponent":{"city":"成都市","province":"四川省","adcode":"510107","district":"武侯区","towncode":"510107064000","streetNumber":{"number":"46号","location":"104.061161,30.5383947","direction":"西","distance":"82.4711","street":"吉泰路"},"country":"中国","township":"桂溪街道","businessAreas":[[]],"building":{"name":[],"type":[]},"neighborhood":{"name":[],"type":[]},"citycode":"028"},"formatted_address":"四川省成都市武侯区桂溪街道天府五街菁蓉汇"},"info":"OK","infocode":"10000"}

2020-05-10 19:52:05,442 INFO (/home/tiny/src/api/Test.php:26)[\API\Test] --- co
2020-05-10 21:33:02,204 INFO (/home/tiny/tiny/API/Main.php:25)[\API\Test] --- start
2020-05-10 21:33:02,206 INFO (/home/tiny/src/api/Test.php:28)[\API\Test] --- end
2020-05-10 21:33:02,208 INFO (/home/tiny/tiny/API/Main.php:53)[\API\Test] --- end
2020-05-10 13:33:02,311 INFO (/home/tiny/src/task/TestTask.php:22)[] --- {"status":"1","regeocode":{"addressComponent":{"city":"成都市","province":"四川省","adcode":"510107","district":"武侯区","towncode":"510107064000","streetNumber":{"number":"46号","location":"104.061161,30.5383947","direction":"西","distance":"82.4711","street":"吉泰路"},"country":"中国","township":"桂溪街道","businessAreas":[[]],"building":{"name":[],"type":[]},"neighborhood":{"name":[],"type":[]},"citycode":"028"},"formatted_address":"四川省成都市武侯区桂溪街道天府五街菁蓉汇"},"info":"OK","infocode":"10000"}

2020-05-10 21:33:07,211 INFO (/home/tiny/src/api/Test.php:26)[\API\Test] --- co
2020-05-10 21:33:13,184 INFO (/home/tiny/tiny/API/Main.php:25)[\API\Test] --- start
2020-05-10 21:33:13,184 INFO (/home/tiny/src/api/Test.php:28)[\API\Test] --- end
2020-05-10 21:33:13,187 INFO (/home/tiny/tiny/API/Main.php:53)[\API\Test] --- end
2020-05-10 13:33:13,297 INFO (/home/tiny/src/task/TestTask.php:22)[] --- {"status":"1","regeocode":{"addressComponent":{"city":"成都市","province":"四川省","adcode":"510107","district":"武侯区","towncode":"510107064000","streetNumber":{"number":"46号","location":"104.061161,30.5383947","direction":"西","distance":"82.4711","street":"吉泰路"},"country":"中国","township":"桂溪街道","businessAreas":[[]],"building":{"name":[],"type":[]},"neighborhood":{"name":[],"type":[]},"citycode":"028"},"formatted_address":"四川省成都市武侯区桂溪街道天府五街菁蓉汇"},"info":"OK","infocode":"10000"}

2020-05-10 21:33:18,188 INFO (/home/tiny/src/api/Test.php:26)[\API\Test] --- co
2020-05-11 10:12:37,986 INFO (/home/tiny/tiny/API/Main.php:25)[\] --- start
2020-05-11 10:12:37,986 FATAL (/home/tiny/tiny/API/Main.php:29)[\] --- API NOT FOUND
2020-05-11 10:12:37,986 INFO (/home/tiny/tiny/API/Main.php:53)[\] --- end
2020-05-11 17:28:52,197 INFO (/home/tiny/tiny/API/Main.php:25)[\API\Test] --- start
2020-05-11 17:28:52,199 INFO (/home/tiny/src/api/Test.php:28)[\API\Test] --- end
2020-05-11 17:28:52,200 INFO (/home/tiny/tiny/API/Main.php:53)[\API\Test] --- end
2020-05-11 09:28:52,306 INFO (/home/tiny/src/task/TestTask.php:22)[] --- {"status":"1","regeocode":{"addressComponent":{"city":"成都市","province":"四川省","adcode":"510107","district":"武侯区","towncode":"510107064000","streetNumber":{"number":"46号","location":"104.061161,30.5383947","direction":"西","distance":"82.4711","street":"吉泰路"},"country":"中国","township":"桂溪街道","businessAreas":[[]],"building":{"name":[],"type":[]},"neighborhood":{"name":[],"type":[]},"citycode":"028"},"formatted_address":"四川省成都市武侯区桂溪街道天府五街菁蓉汇"},"info":"OK","infocode":"10000"}

2020-05-11 17:28:57,204 INFO (/home/tiny/src/api/Test.php:26)[\API\Test] --- co
2020-05-11 17:29:05,630 INFO (/home/tiny/tiny/API/Main.php:25)[\API\Test] --- start
2020-05-11 17:29:05,630 INFO (/home/tiny/src/api/Test.php:28)[\API\Test] --- end
2020-05-11 17:29:05,632 INFO (/home/tiny/tiny/API/Main.php:53)[\API\Test] --- end
2020-05-11 09:29:05,751 INFO (/home/tiny/src/task/TestTask.php:22)[] --- {"status":"1","regeocode":{"addressComponent":{"city":"成都市","province":"四川省","adcode":"510107","district":"武侯区","towncode":"510107064000","streetNumber":{"number":"46号","location":"104.061161,30.5383947","direction":"西","distance":"82.4711","street":"吉泰路"},"country":"中国","township":"桂溪街道","businessAreas":[[]],"building":{"name":[],"type":[]},"neighborhood":{"name":[],"type":[]},"citycode":"028"},"formatted_address":"四川省成都市武侯区桂溪街道天府五街菁蓉汇"},"info":"OK","infocode":"10000"}

2020-05-11 17:29:10,634 INFO (/home/tiny/src/api/Test.php:26)[\API\Test] --- co
2020-05-11 17:53:21,970 INFO (/home/tiny/tiny/API/Main.php:25)[\] --- start
2020-05-11 17:53:21,971 FATAL (/home/tiny/tiny/API/Main.php:29)[\] --- API NOT FOUND
2020-05-11 17:53:21,971 INFO (/home/tiny/tiny/API/Main.php:53)[\] --- end
2020-05-11 18:16:26,188 INFO (/home/tiny/tiny/API/Main.php:25)[\] --- start
2020-05-11 18:16:26,189 FATAL (/home/tiny/tiny/API/Main.php:29)[\] --- API NOT FOUND
2020-05-11 18:16:26,189 INFO (/home/tiny/tiny/API/Main.php:53)[\] --- end
2020-05-11 21:00:58,843 INFO (/home/tiny/tiny/API/Main.php:25)[\API\Test] --- start
2020-05-11 21:00:58,847 INFO (/home/tiny/src/api/Test.php:35)[\API\Test] --- end
2020-05-11 21:00:58,847 INFO (/home/tiny/tiny/API/Main.php:53)[\API\Test] --- end
2020-05-11 21:00:58,871 INFO (/home/tiny/src/api/Test.php:33)[\API\Test] --- {"status":"1","regeocode":{"addressComponent":{"city":"成都市","province":"四川省","adcode":"510107","district":"武侯区","towncode":"510107064000","streetNumber":{"number":"46号","location":"104.061161,30.5383947","direction":"西","distance":"82.4711","street":"吉泰路"},"country":"中国","township":"桂溪街道","businessAreas":[[]],"building":{"name":[],"type":[]},"neighborhood":{"name":[],"type":[]},"citycode":"028"},"formatted_address":"四川省成都市武侯区桂溪街道天府五街菁蓉汇"},"info":"OK","infocode":"10000"}

2020-05-11 21:03:06,21 INFO (/home/tiny/tiny/API/Main.php:25)[\API\Test] --- start
2020-05-11 21:03:54,738 INFO (/home/tiny/tiny/API/Main.php:25)[\API\Test] --- start
2020-05-11 21:04:21,608 INFO (/home/tiny/tiny/API/Main.php:25)[\API\Test] --- start
2020-05-11 21:04:21,610 INFO (/home/tiny/src/api/Test.php:39)[\API\Test] --- end
2020-05-11 21:04:21,611 INFO (/home/tiny/tiny/API/Main.php:53)[\API\Test] --- end
2020-05-11 21:04:50,833 INFO (/home/tiny/tiny/API/Main.php:25)[\API\Test] --- start
2020-05-11 21:04:50,833 INFO (/home/tiny/src/api/Test.php:39)[\API\Test] --- end
2020-05-11 21:04:50,833 INFO (/home/tiny/tiny/API/Main.php:53)[\API\Test] --- end
2020-05-11 21:07:51,345 INFO (/home/tiny/tiny/API/Main.php:25)[\API\Test] --- start
2020-05-11 21:07:51,347 INFO (/home/tiny/tiny/API/Main.php:53)[\API\Test] --- end
2020-05-11 21:08:53,875 INFO (/home/tiny/tiny/API/Main.php:25)[\API\Test] --- start
2020-05-11 21:09:13,599 INFO (/home/tiny/tiny/API/Main.php:25)[\API\Test] --- start
2020-05-11 21:09:38,864 INFO (/home/tiny/tiny/API/Main.php:25)[\API\Test] --- start
2020-05-11 21:09:38,867 INFO (/home/tiny/tiny/API/Main.php:53)[\API\Test] --- end
2020-05-11 21:10:11,887 INFO (/home/tiny/tiny/API/Main.php:25)[\API\Test] --- start
2020-05-11 21:10:11,889 INFO (/home/tiny/tiny/API/Main.php:53)[\API\Test] --- end
2020-05-11 21:11:24,83 INFO (/home/tiny/tiny/API/Main.php:25)[\API\Test] --- start
2020-05-11 21:11:24,85 INFO (/home/tiny/tiny/API/Main.php:53)[\API\Test] --- end
2020-05-11 21:12:39,570 INFO (/home/tiny/tiny/API/Main.php:25)[\API\Test] --- start
2020-05-11 21:12:39,572 INFO (/home/tiny/tiny/API/Main.php:53)[\API\Test] --- end
2020-05-11 21:12:40,573 INFO (/home/tiny/src/api/Test.php:28)[\API\Test] --- co test
2020-05-11 21:12:41,574 INFO (/home/tiny/src/api/Test.php:28)[\API\Test] --- co test
2020-05-11 21:17:13,527 INFO (/home/tiny/tiny/API/Main.php:25)[\API\Test] --- start
2020-05-11 21:17:13,530 INFO (/home/tiny/tiny/API/Main.php:53)[\API\Test] --- end
2020-05-11 21:17:41,278 INFO (/home/tiny/tiny/API/Main.php:25)[\API\Test] --- start
2020-05-11 21:17:41,280 INFO (/home/tiny/tiny/API/Main.php:53)[\API\Test] --- end
2020-05-11 21:18:01,885 INFO (/home/tiny/tiny/API/Main.php:25)[\API\Test] --- start
2020-05-11 21:18:01,887 INFO (/home/tiny/tiny/API/Main.php:53)[\API\Test] --- end
2020-05-11 21:18:41,83 INFO (/home/tiny/tiny/API/Main.php:25)[\API\Test] --- start
2020-05-11 21:18:41,85 INFO (/home/tiny/tiny/API/Main.php:53)[\API\Test] --- end
2020-05-11 21:19:00,689 INFO (/home/tiny/tiny/API/Main.php:25)[\API\Test] --- start
2020-05-11 21:19:00,692 INFO (/home/tiny/tiny/API/Main.php:53)[\API\Test] --- end
2020-05-11 21:19:50,214 INFO (/home/tiny/tiny/API/Main.php:25)[\API\Test] --- start
2020-05-11 21:19:50,217 INFO (/home/tiny/tiny/API/Main.php:53)[\API\Test] --- end
2020-05-11 21:21:11,306 INFO (/home/tiny/tiny/API/Main.php:25)[\API\Test] --- start
2020-05-11 21:22:38,984 INFO (/home/tiny/tiny/API/Main.php:25)[\API\Test] --- start
2020-05-11 21:23:15,173 INFO (/home/tiny/tiny/API/Main.php:25)[\API\Test] --- start
2020-05-11 21:25:55,973 INFO (/home/tiny/tiny/API/Main.php:25)[\API\Test] --- start
2020-05-11 21:25:55,976 INFO (/home/tiny/tiny/API/Main.php:53)[\API\Test] --- end
2020-05-11 21:26:57,380 INFO (/home/tiny/tiny/API/Main.php:25)[\API\Test] --- start
2020-05-11 21:26:57,383 INFO (/home/tiny/tiny/API/Main.php:53)[\API\Test] --- end
2020-05-11 21:27:18,555 INFO (/home/tiny/tiny/API/Main.php:25)[\API\Test] --- start
2020-05-11 21:27:18,558 INFO (/home/tiny/tiny/API/Main.php:53)[\API\Test] --- end
2020-05-11 21:27:59,932 INFO (/home/tiny/tiny/API/Main.php:25)[\API\Test] --- start
2020-05-11 21:27:59,935 INFO (/home/tiny/tiny/API/Main.php:53)[\API\Test] --- end
2020-05-11 21:28:30,774 INFO (/home/tiny/tiny/API/Main.php:25)[\API\Test] --- start
2020-05-11 21:28:31,778 INFO (/home/tiny/tiny/API/Main.php:53)[\API\Test] --- end
2020-05-11 21:28:35,148 INFO (/home/tiny/tiny/API/Main.php:25)[\API\Test] --- start
2020-05-11 21:28:36,149 INFO (/home/tiny/tiny/API/Main.php:53)[\API\Test] --- end
2020-05-11 21:29:09,936 INFO (/home/tiny/tiny/API/Main.php:25)[\API\Test] --- start
2020-05-11 21:29:09,938 INFO (/home/tiny/tiny/API/Main.php:53)[\API\Test] --- end
2020-05-11 21:29:11,366 INFO (/home/tiny/tiny/API/Main.php:25)[\API\Test] --- start
2020-05-11 21:29:11,367 INFO (/home/tiny/tiny/API/Main.php:53)[\API\Test] --- end
2020-05-11 21:29:12,302 INFO (/home/tiny/tiny/API/Main.php:25)[\API\Test] --- start
2020-05-11 21:29:12,302 INFO (/home/tiny/tiny/API/Main.php:53)[\API\Test] --- end
2020-05-11 21:29:13,6 INFO (/home/tiny/tiny/API/Main.php:25)[\API\Test] --- start
2020-05-11 21:29:13,6 INFO (/home/tiny/tiny/API/Main.php:53)[\API\Test] --- end
2020-05-11 21:29:20,283 INFO (/home/tiny/tiny/API/Main.php:25)[\API\Test] --- start
2020-05-11 21:29:20,283 INFO (/home/tiny/tiny/API/Main.php:53)[\API\Test] --- end
2020-05-11 21:29:23,803 INFO (/home/tiny/tiny/API/Main.php:25)[\API\Test] --- start
2020-05-11 21:29:23,803 INFO (/home/tiny/tiny/API/Main.php:53)[\API\Test] --- end
2020-05-11 21:29:48,114 INFO (/home/tiny/tiny/API/Main.php:25)[\API\Test] --- start
2020-05-11 21:29:48,117 INFO (/home/tiny/tiny/API/Main.php:53)[\API\Test] --- end
2020-05-11 21:30:47,815 INFO (/home/tiny/tiny/API/Main.php:25)[\API\Test] --- start
2020-05-11 21:30:47,818 INFO (/home/tiny/tiny/API/Main.php:53)[\API\Test] --- end
2020-05-11 21:31:43,317 INFO (/home/tiny/tiny/API/Main.php:25)[\API\Test] --- start
2020-05-11 21:31:44,321 INFO (/home/tiny/tiny/API/Main.php:53)[\API\Test] --- end
2020-05-11 21:34:47,497 INFO (/home/tiny/tiny/API/Main.php:25)[\API\Test] --- start
2020-05-11 21:34:47,499 INFO (/home/tiny/tiny/API/Main.php:53)[\API\Test] --- end
2020-05-12 05:33:41,835 INFO (/home/tiny/tiny/API/Main.php:25)[\] --- start
2020-05-12 05:33:41,835 FATAL (/home/tiny/tiny/API/Main.php:29)[\] --- API NOT FOUND
2020-05-12 05:33:41,835 INFO (/home/tiny/tiny/API/Main.php:53)[\] --- end
2020-05-12 09:08:52,215 INFO (/home/tiny/tiny/API/Main.php:25)[\] --- start
2020-05-12 09:08:52,215 FATAL (/home/tiny/tiny/API/Main.php:29)[\] --- API NOT FOUND
2020-05-12 09:08:52,215 INFO (/home/tiny/tiny/API/Main.php:53)[\] --- end
2020-05-12 09:08:59,34 INFO (/home/tiny/tiny/API/Main.php:25)[\] --- start
2020-05-12 09:08:59,34 FATAL (/home/tiny/tiny/API/Main.php:29)[\] --- API NOT FOUND
2020-05-12 09:08:59,37 INFO (/home/tiny/tiny/API/Main.php:53)[\] --- end
2020-05-12 09:10:16,285 INFO (/home/tiny/tiny/API/Main.php:25)[\] --- start
2020-05-12 09:10:16,285 FATAL (/home/tiny/tiny/API/Main.php:29)[\] --- API NOT FOUND
2020-05-12 09:10:16,285 INFO (/home/tiny/tiny/API/Main.php:53)[\] --- end
2020-05-12 09:15:27,699 INFO (/home/tiny/tiny/API/Main.php:25)[\nmaplowercheck1589246126] --- start
2020-05-12 09:15:27,700 FATAL (/home/tiny/tiny/API/Main.php:29)[\nmaplowercheck1589246126] --- API NOT FOUND
2020-05-12 09:15:27,700 INFO (/home/tiny/tiny/API/Main.php:53)[\nmaplowercheck1589246126] --- end
2020-05-12 09:15:27,847 INFO (/home/tiny/tiny/API/Main.php:25)[\evox\about] --- start
2020-05-12 09:15:27,847 FATAL (/home/tiny/tiny/API/Main.php:29)[\evox\about] --- API NOT FOUND
2020-05-12 09:15:27,847 INFO (/home/tiny/tiny/API/Main.php:53)[\evox\about] --- end
2020-05-12 09:15:29,200 INFO (/home/tiny/tiny/API/Main.php:25)[\sdk] --- start
2020-05-12 09:15:29,200 FATAL (/home/tiny/tiny/API/Main.php:29)[\sdk] --- API NOT FOUND
2020-05-12 09:15:29,200 INFO (/home/tiny/tiny/API/Main.php:53)[\sdk] --- end
2020-05-12 09:16:07,30 INFO (/home/tiny/tiny/API/Main.php:25)[\] --- start
2020-05-12 09:16:07,30 FATAL (/home/tiny/tiny/API/Main.php:29)[\] --- API NOT FOUND
2020-05-12 09:16:07,30 INFO (/home/tiny/tiny/API/Main.php:53)[\] --- end
2020-05-12 11:08:31,828 INFO (/home/tiny/tiny/API/Main.php:25)[\API\Test] --- start
2020-05-12 11:08:31,831 INFO (/home/tiny/tiny/API/Main.php:53)[\API\Test] --- end
2020-05-12 11:51:42,414 INFO (/home/tiny2.0/tiny/API/Main.php:25)[\API\Test] --- start
2020-05-12 11:51:42,416 INFO (/home/tiny2.0/tiny/API/Main.php:53)[\API\Test] --- end
2020-05-12 11:52:24,433 INFO (/home/tiny2.0/tiny/API/Main.php:25)[\API\Test] --- start
2020-05-12 11:52:24,436 INFO (/home/tiny2.0/tiny/API/Main.php:53)[\API\Test] --- end
